2015-06-03 13:04:56,539: INFO - Application started
2015-06-03 13:05:29,657: INFO - 200 GET / (::1) 219.00ms
2015-06-03 13:05:34,062: INFO - 200 GET /static/css/base.css (::1) 186.00ms
2015-06-03 13:05:34,065: INFO - 200 GET /static/css/lang_de.css (::1) 3.00ms
2015-06-03 13:05:34,071: INFO - 200 GET /static/css/search.css (::1) 4.00ms
2015-06-03 13:05:34,075: INFO - 200 GET /static/img/logo_tf_128.png (::1) 4.00ms
2015-06-03 13:05:34,078: INFO - 200 GET /static/img/en.png (::1) 3.00ms
2015-06-03 13:05:34,082: INFO - 200 GET /static/img/de.png (::1) 4.00ms
2015-06-03 13:05:34,088: INFO - 200 GET /static/img/logo_taginfo.png (::1) 4.00ms
2015-06-03 13:05:34,092: INFO - 200 GET /static/img/logo_osm.png (::1) 5.00ms
2015-06-03 13:05:34,098: INFO - 200 GET /static/js/bootstrap3-typeahead.min.js (::1) 4.00ms
2015-06-03 13:05:34,102: INFO - 200 GET /static/js/typeahead-noselect.js (::1) 4.00ms
2015-06-03 13:05:34,108: INFO - 200 GET /static/js/language.js (::1) 5.00ms
2015-06-03 13:05:34,111: INFO - 200 GET /static/img/logo_hsr.png (::1) 3.00ms
2015-06-03 13:05:34,115: INFO - 200 GET /static/js/searchfade.js (::1) 4.00ms
2015-06-03 13:05:34,121: INFO - 200 GET /static/js/typeaheadCorrect.js (::1) 4.00ms
2015-06-03 13:05:34,125: INFO - 200 GET /static/js/highlight.js (::1) 4.00ms
2015-06-03 13:05:34,131: INFO - 200 GET /static/ico/favicon.ico (::1) 5.00ms
2015-06-03 13:05:34,137: INFO - 200 GET /static/js/imagesloaded.pkgd.min.js (::1) 6.00ms
2015-06-03 13:05:34,142: INFO - 200 GET /static/js/ajaxSuggest.js (::1) 5.00ms
2015-06-03 13:05:34,171: INFO - 200 GET /static/img/header-bg.png (::1) 21.00ms
2015-06-03 13:05:34,184: INFO - 200 GET /static/img/footer-bg.png (::1) 13.00ms
2015-06-03 13:05:34,263: INFO - 200 GET /static/js/typeahead-noselect.js?_=1433329534179 (::1) 3.00ms
2015-06-03 13:05:38,305: INFO - 200 GET /apidoc (::1) 47.00ms
2015-06-03 13:05:38,361: INFO - 200 GET /static/css/apidoc.css (::1) 4.00ms
2015-06-03 13:05:38,632: INFO - 200 GET /static/js/typeahead-noselect.js?_=1433329538522 (::1) 3.00ms
2015-06-03 13:05:39,573: INFO - 200 GET /about (::1) 18.00ms
2015-06-03 13:05:39,618: INFO - 200 GET /static/css/about.css (::1) 4.00ms
2015-06-03 13:05:39,885: INFO - 200 GET /static/js/typeahead-noselect.js?_=1433329539796 (::1) 3.00ms
2015-06-03 13:05:40,969: INFO - 200 GET /apidoc (::1) 6.00ms
2015-06-03 13:05:41,257: INFO - 200 GET /static/js/typeahead-noselect.js?_=1433329541162 (::1) 2.00ms
2015-06-03 13:05:41,845: INFO - 200 GET / (::1) 6.00ms
2015-06-03 13:05:42,165: INFO - 200 GET /static/js/typeahead-noselect.js?_=1433329542068 (::1) 2.00ms
2015-06-03 13:05:46,000: INFO - IP: ::1, search: house, lang: de
2015-06-03 13:05:46,000: INFO - IP: ::1, search: house, lang: de
2015-06-03 13:05:46,000: INFO - IP: ::1, search: house, lang: de
2015-06-03 13:05:46,000: INFO - IP: ::1, search: house, lang: de
2015-06-03 13:05:46,042: INFO - 200 GET /search?query=house&lang=de (::1) 1986.00ms
2015-06-03 13:05:46,122: INFO - 200 GET /suggest?query=house (::1) 79.00ms
2015-06-03 13:05:46,134: INFO - 200 GET /static/img/osm_count_all_v2.png (::1) 3.00ms
2015-06-03 13:05:46,145: INFO - 200 GET /static/img/osm_node_true.png (::1) 3.00ms
2015-06-03 13:05:46,158: INFO - 200 GET /static/img/osm_relation_false.png (::1) 4.00ms
2015-06-03 13:05:46,164: INFO - 200 GET /static/img/osm_way_false.png (::1) 4.00ms
2015-06-03 13:05:46,167: INFO - 200 GET /static/img/osm_area_true.png (::1) 3.00ms
2015-06-03 13:05:46,203: INFO - 200 GET /static/img/osm_node_unspec.png (::1) 4.00ms
2015-06-03 13:05:46,207: INFO - 200 GET /static/img/osm_way_unspec.png (::1) 5.00ms
2015-06-03 13:05:46,210: INFO - 200 GET /static/img/osm_relation_unspec.png (::1) 3.00ms
2015-06-03 13:05:46,217: INFO - 200 GET /static/img/osm_area_unspec.png (::1) 4.00ms
2015-06-03 13:05:46,233: INFO - 200 GET /static/img/k200_150_gray.png (::1) 4.00ms
2015-06-03 13:05:46,236: INFO - 200 GET /static/img/osm_node_false.png (::1) 4.00ms
2015-06-03 13:05:46,240: INFO - 200 GET /static/img/kv200_150_gray.png (::1) 3.00ms
2015-06-03 13:05:46,243: INFO - 200 GET /static/img/osm_area_false.png (::1) 4.00ms
2015-06-03 13:05:46,262: INFO - 200 GET /static/img/osm_relation_true.png (::1) 3.00ms
2015-06-03 13:05:48,405: INFO - 200 GET /static/js/typeahead-noselect.js?_=1433329548288 (::1) 2.00ms
